2025-09-18 11:42:21,930 | INFO | DICOM server started AE=PACSANDREW PORT=11112 STORE=storage
2025-09-18 12:43:42,203 | INFO | Accepting Association
2025-09-18 12:43:42,272 | INFO | Received Store Request
2025-09-18 12:43:50,514 | INFO | Received Store Request
2025-09-18 12:43:53,499 | INFO | Received Store Request
2025-09-18 12:44:13,801 | INFO | Received Store Request
2025-09-18 12:44:25,286 | INFO | Received Store Request
2025-09-18 12:44:55,491 | INFO | Association Released
2025-09-18 12:44:55,497 | ERROR | Connection closed before the entire PDU was received
2025-09-18 12:44:55,502 | ERROR | [Errno 54] Connection reset by peer
Traceback (most recent call last):
  File "/Users/andrew/LILI_DICOM_server/.venv/lib/python3.12/site-packages/pynetdicom/dul.py", line 268, in _read_pdu_data
    bytestream.extend(self.socket.recv(6))
                      ^^^^^^^^^^^^^^^^^^^
  File "/Users/andrew/LILI_DICOM_server/.venv/lib/python3.12/site-packages/pynetdicom/transport.py", line 402, in recv
    bytes_read = self.socket.recv(bufsize)
                 ^^^^^^^^^^^^^^^^^^^^^^^^^
ConnectionResetError: [Errno 54] Connection reset by peer
2025-09-18 12:44:57,898 | INFO | Accepting Association
2025-09-18 12:44:58,891 | INFO | Received Store Request
2025-09-18 12:45:53,954 | ERROR | Network timeout reached
2025-09-18 12:45:53,962 | INFO | Aborting Association
2025-09-18 13:02:54,925 | INFO | Accepting Association
2025-09-18 13:02:54,932 | INFO | Received Echo Request (MsgID 1)
2025-09-18 13:02:54,938 | INFO | Association Released
2025-09-18 13:05:00,895 | INFO | Accepting Association
2025-09-18 13:05:00,900 | INFO | Received Echo Request (MsgID 2)
2025-09-18 13:05:00,910 | INFO | Association Released
2025-09-18 15:35:18,491 | INFO | Accepting Association
2025-09-18 15:35:18,555 | INFO | Received Store Request
2025-09-18 15:35:19,864 | INFO | Received Store Request
2025-09-18 15:35:21,979 | INFO | Received Store Request
2025-09-18 15:35:24,227 | INFO | Received Store Request
2025-09-18 15:35:26,230 | INFO | Received Store Request
2025-09-18 15:35:29,076 | INFO | Received Store Request
2025-09-18 15:35:33,032 | INFO | Received Store Request
2025-09-18 15:35:35,746 | INFO | Received Store Request
2025-09-18 15:35:38,391 | INFO | Association Released
2025-09-18 16:18:12,762 | INFO | DICOM server started AE=PACSANDREW PORT=11112 STORE=storage
2025-09-18 16:25:54,825 | ERROR | Exception on /browse [GET]
Traceback (most recent call last):
  File "/Users/andrew/LILI_DICOM_server/.venv/lib/python3.12/site-packages/flask/app.py", line 1511, in wsgi_app
    response = self.full_dispatch_request()
               ^^^^^^^^^^^^^^^^^^^^^^^^^^^^
  File "/Users/andrew/LILI_DICOM_server/.venv/lib/python3.12/site-packages/flask/app.py", line 919, in full_dispatch_request
    rv = self.handle_user_exception(e)
         ^^^^^^^^^^^^^^^^^^^^^^^^^^^^^
  File "/Users/andrew/LILI_DICOM_server/.venv/lib/python3.12/site-packages/flask/app.py", line 917, in full_dispatch_request
    rv = self.dispatch_request()
         ^^^^^^^^^^^^^^^^^^^^^^^
  File "/Users/andrew/LILI_DICOM_server/.venv/lib/python3.12/site-packages/flask/app.py", line 902, in dispatch_request
    return self.ensure_sync(self.view_functions[rule.endpoint])(**view_args)  # type: ignore[no-any-return]
           ^^^^^^^^^^^^^^^^^^^^^^^^^^^^^^^^^^^^^^^^^^^^^^^^^^^^^^^^^^^^^^^^^
  File "/Users/andrew/LILI_DICOM_server/app/dicom_server.py", line 340, in browse
    return render_template("browse.html", info=info, brand_title=BRAND_TITLE, brand_color=BRAND_COLOR, studies=studies_data, days=days)
           ^^^^^^^^^^^^^^^^^^^^^^^^^^^^^^^^^^^^^^^^^^^^^^^^^^^^^^^^^^^^^^^^^^^^^^^^^^^^^^^^^^^^^^^^^^^^^^^^^^^^^^^^^^^^^^^^^^^^^^^^^^^^
  File "/Users/andrew/LILI_DICOM_server/.venv/lib/python3.12/site-packages/flask/templating.py", line 150, in render_template
    return _render(app, template, context)
           ^^^^^^^^^^^^^^^^^^^^^^^^^^^^^^^
  File "/Users/andrew/LILI_DICOM_server/.venv/lib/python3.12/site-packages/flask/templating.py", line 131, in _render
    rv = template.render(context)
         ^^^^^^^^^^^^^^^^^^^^^^^^
  File "/Users/andrew/LILI_DICOM_server/.venv/lib/python3.12/site-packages/jinja2/environment.py", line 1295, in render
    self.environment.handle_exception()
  File "/Users/andrew/LILI_DICOM_server/.venv/lib/python3.12/site-packages/jinja2/environment.py", line 942, in handle_exception
    raise rewrite_traceback_stack(source=source)
  File "/Users/andrew/LILI_DICOM_server/app/templates/browse.html", line 1, in top-level template code
    {% extends "base.html" %}
  File "/Users/andrew/LILI_DICOM_server/app/templates/base.html", line 30, in top-level template code
    {% block content %}{% endblock %}
    ^^^^^^^^^^^^^^^^^^^^^^^^^
  File "/Users/andrew/LILI_DICOM_server/app/templates/browse.html", line 23, in block 'content'
    {% set pdf_url       = url_for('pdfbp.pdf_study',   study_uid=st.study_uid) %}
    ^^^^^^^^^^^^^^^^^^^^^^^^^
  File "/Users/andrew/LILI_DICOM_server/.venv/lib/python3.12/site-packages/flask/app.py", line 1121, in url_for
    return self.handle_url_build_error(error, endpoint, values)
           ^^^^^^^^^^^^^^^^^^^^^^^^^^^^^^^^^^^^^^^^^^^^^^^^^^^^
  File "/Users/andrew/LILI_DICOM_server/.venv/lib/python3.12/site-packages/flask/app.py", line 1110, in url_for
    rv = url_adapter.build(  # type: ignore[union-attr]
         ^^^^^^^^^^^^^^^^^^^^^^^^^^^^^^^^^^^^^^^^^^^^^^
  File "/Users/andrew/LILI_DICOM_server/.venv/lib/python3.12/site-packages/werkzeug/routing/map.py", line 924, in build
    raise BuildError(endpoint, values, method, self)
werkzeug.routing.exceptions.BuildError: Could not build url for endpoint 'pdfbp.pdf_study' with values ['study_uid']. Did you mean 'download_study_zip' instead?
2025-09-18 16:26:03,337 | ERROR | Exception on /browse [GET]
Traceback (most recent call last):
  File "/Users/andrew/LILI_DICOM_server/.venv/lib/python3.12/site-packages/flask/app.py", line 1511, in wsgi_app
    response = self.full_dispatch_request()
               ^^^^^^^^^^^^^^^^^^^^^^^^^^^^
  File "/Users/andrew/LILI_DICOM_server/.venv/lib/python3.12/site-packages/flask/app.py", line 919, in full_dispatch_request
    rv = self.handle_user_exception(e)
         ^^^^^^^^^^^^^^^^^^^^^^^^^^^^^
  File "/Users/andrew/LILI_DICOM_server/.venv/lib/python3.12/site-packages/flask/app.py", line 917, in full_dispatch_request
    rv = self.dispatch_request()
         ^^^^^^^^^^^^^^^^^^^^^^^
  File "/Users/andrew/LILI_DICOM_server/.venv/lib/python3.12/site-packages/flask/app.py", line 902, in dispatch_request
    return self.ensure_sync(self.view_functions[rule.endpoint])(**view_args)  # type: ignore[no-any-return]
           ^^^^^^^^^^^^^^^^^^^^^^^^^^^^^^^^^^^^^^^^^^^^^^^^^^^^^^^^^^^^^^^^^
  File "/Users/andrew/LILI_DICOM_server/app/dicom_server.py", line 340, in browse
    return render_template("browse.html", info=info, brand_title=BRAND_TITLE, brand_color=BRAND_COLOR, studies=studies_data, days=days)
           ^^^^^^^^^^^^^^^^^^^^^^^^^^^^^^^^^^^^^^^^^^^^^^^^^^^^^^^^^^^^^^^^^^^^^^^^^^^^^^^^^^^^^^^^^^^^^^^^^^^^^^^^^^^^^^^^^^^^^^^^^^^^
  File "/Users/andrew/LILI_DICOM_server/.venv/lib/python3.12/site-packages/flask/templating.py", line 150, in render_template
    return _render(app, template, context)
           ^^^^^^^^^^^^^^^^^^^^^^^^^^^^^^^
  File "/Users/andrew/LILI_DICOM_server/.venv/lib/python3.12/site-packages/flask/templating.py", line 131, in _render
    rv = template.render(context)
         ^^^^^^^^^^^^^^^^^^^^^^^^
  File "/Users/andrew/LILI_DICOM_server/.venv/lib/python3.12/site-packages/jinja2/environment.py", line 1295, in render
    self.environment.handle_exception()
  File "/Users/andrew/LILI_DICOM_server/.venv/lib/python3.12/site-packages/jinja2/environment.py", line 942, in handle_exception
    raise rewrite_traceback_stack(source=source)
  File "/Users/andrew/LILI_DICOM_server/app/templates/browse.html", line 1, in top-level template code
    {% extends "base.html" %}
  File "/Users/andrew/LILI_DICOM_server/app/templates/base.html", line 30, in top-level template code
    {% block content %}{% endblock %}
    ^^^^^^^^^^^^^^^^^^^^^^^^^
  File "/Users/andrew/LILI_DICOM_server/app/templates/browse.html", line 23, in block 'content'
    {% set pdf_url       = url_for('pdfbp.pdf_study',   study_uid=st.study_uid) %}
    ^^^^^^^^^^^^^^^^^^^^^^^^^
  File "/Users/andrew/LILI_DICOM_server/.venv/lib/python3.12/site-packages/flask/app.py", line 1121, in url_for
    return self.handle_url_build_error(error, endpoint, values)
           ^^^^^^^^^^^^^^^^^^^^^^^^^^^^^^^^^^^^^^^^^^^^^^^^^^^^
  File "/Users/andrew/LILI_DICOM_server/.venv/lib/python3.12/site-packages/flask/app.py", line 1110, in url_for
    rv = url_adapter.build(  # type: ignore[union-attr]
         ^^^^^^^^^^^^^^^^^^^^^^^^^^^^^^^^^^^^^^^^^^^^^^
  File "/Users/andrew/LILI_DICOM_server/.venv/lib/python3.12/site-packages/werkzeug/routing/map.py", line 924, in build
    raise BuildError(endpoint, values, method, self)
werkzeug.routing.exceptions.BuildError: Could not build url for endpoint 'pdfbp.pdf_study' with values ['study_uid']. Did you mean 'download_study_zip' instead?
2025-09-18 16:51:55,000 | ERROR | Exception on /browse [GET]
Traceback (most recent call last):
  File "/Users/andrew/LILI_DICOM_server/.venv/lib/python3.12/site-packages/flask/app.py", line 1511, in wsgi_app
    response = self.full_dispatch_request()
               ^^^^^^^^^^^^^^^^^^^^^^^^^^^^
  File "/Users/andrew/LILI_DICOM_server/.venv/lib/python3.12/site-packages/flask/app.py", line 919, in full_dispatch_request
    rv = self.handle_user_exception(e)
         ^^^^^^^^^^^^^^^^^^^^^^^^^^^^^
  File "/Users/andrew/LILI_DICOM_server/.venv/lib/python3.12/site-packages/flask/app.py", line 917, in full_dispatch_request
    rv = self.dispatch_request()
         ^^^^^^^^^^^^^^^^^^^^^^^
  File "/Users/andrew/LILI_DICOM_server/.venv/lib/python3.12/site-packages/flask/app.py", line 902, in dispatch_request
    return self.ensure_sync(self.view_functions[rule.endpoint])(**view_args)  # type: ignore[no-any-return]
           ^^^^^^^^^^^^^^^^^^^^^^^^^^^^^^^^^^^^^^^^^^^^^^^^^^^^^^^^^^^^^^^^^
  File "/Users/andrew/LILI_DICOM_server/app/dicom_server.py", line 340, in browse
    return render_template("browse.html", info=info, brand_title=BRAND_TITLE, brand_color=BRAND_COLOR, studies=studies_data, days=days)
           ^^^^^^^^^^^^^^^^^^^^^^^^^^^^^^^^^^^^^^^^^^^^^^^^^^^^^^^^^^^^^^^^^^^^^^^^^^^^^^^^^^^^^^^^^^^^^^^^^^^^^^^^^^^^^^^^^^^^^^^^^^^^
  File "/Users/andrew/LILI_DICOM_server/.venv/lib/python3.12/site-packages/flask/templating.py", line 150, in render_template
    return _render(app, template, context)
           ^^^^^^^^^^^^^^^^^^^^^^^^^^^^^^^
  File "/Users/andrew/LILI_DICOM_server/.venv/lib/python3.12/site-packages/flask/templating.py", line 131, in _render
    rv = template.render(context)
         ^^^^^^^^^^^^^^^^^^^^^^^^
  File "/Users/andrew/LILI_DICOM_server/.venv/lib/python3.12/site-packages/jinja2/environment.py", line 1295, in render
    self.environment.handle_exception()
  File "/Users/andrew/LILI_DICOM_server/.venv/lib/python3.12/site-packages/jinja2/environment.py", line 942, in handle_exception
    raise rewrite_traceback_stack(source=source)
  File "/Users/andrew/LILI_DICOM_server/app/templates/browse.html", line 1, in top-level template code
    {% extends "base.html" %}
  File "/Users/andrew/LILI_DICOM_server/app/templates/base.html", line 30, in top-level template code
    <body>
  File "/Users/andrew/LILI_DICOM_server/app/templates/browse.html", line 23, in block 'content'
    {% set pdf_url       = url_for('http_pdf_study',   study_uid=st.study_uid) %}
    ^^^^^^^^^^^^^^^^^^^^^^^^^
  File "/Users/andrew/LILI_DICOM_server/.venv/lib/python3.12/site-packages/flask/app.py", line 1121, in url_for
    return self.handle_url_build_error(error, endpoint, values)
           ^^^^^^^^^^^^^^^^^^^^^^^^^^^^^^^^^^^^^^^^^^^^^^^^^^^^
  File "/Users/andrew/LILI_DICOM_server/.venv/lib/python3.12/site-packages/flask/app.py", line 1110, in url_for
    rv = url_adapter.build(  # type: ignore[union-attr]
         ^^^^^^^^^^^^^^^^^^^^^^^^^^^^^^^^^^^^^^^^^^^^^^
  File "/Users/andrew/LILI_DICOM_server/.venv/lib/python3.12/site-packages/werkzeug/routing/map.py", line 924, in build
    raise BuildError(endpoint, values, method, self)
werkzeug.routing.exceptions.BuildError: Could not build url for endpoint 'pdfbp.pdf_study' with values ['study_uid']. Did you mean 'download_study_zip' instead?
2025-09-18 16:51:55,014 | ERROR | Exception on /browse [GET]
Traceback (most recent call last):
  File "/Users/andrew/LILI_DICOM_server/.venv/lib/python3.12/site-packages/flask/app.py", line 1511, in wsgi_app
    response = self.full_dispatch_request()
               ^^^^^^^^^^^^^^^^^^^^^^^^^^^^
  File "/Users/andrew/LILI_DICOM_server/.venv/lib/python3.12/site-packages/flask/app.py", line 919, in full_dispatch_request
    rv = self.handle_user_exception(e)
         ^^^^^^^^^^^^^^^^^^^^^^^^^^^^^
  File "/Users/andrew/LILI_DICOM_server/.venv/lib/python3.12/site-packages/flask/app.py", line 917, in full_dispatch_request
    rv = self.dispatch_request()
         ^^^^^^^^^^^^^^^^^^^^^^^
  File "/Users/andrew/LILI_DICOM_server/.venv/lib/python3.12/site-packages/flask/app.py", line 902, in dispatch_request
    return self.ensure_sync(self.view_functions[rule.endpoint])(**view_args)  # type: ignore[no-any-return]
           ^^^^^^^^^^^^^^^^^^^^^^^^^^^^^^^^^^^^^^^^^^^^^^^^^^^^^^^^^^^^^^^^^
  File "/Users/andrew/LILI_DICOM_server/app/dicom_server.py", line 340, in browse
    return render_template("browse.html", info=info, brand_title=BRAND_TITLE, brand_color=BRAND_COLOR, studies=studies_data, days=days)
           ^^^^^^^^^^^^^^^^^^^^^^^^^^^^^^^^^^^^^^^^^^^^^^^^^^^^^^^^^^^^^^^^^^^^^^^^^^^^^^^^^^^^^^^^^^^^^^^^^^^^^^^^^^^^^^^^^^^^^^^^^^^^
  File "/Users/andrew/LILI_DICOM_server/.venv/lib/python3.12/site-packages/flask/templating.py", line 150, in render_template
    return _render(app, template, context)
           ^^^^^^^^^^^^^^^^^^^^^^^^^^^^^^^
  File "/Users/andrew/LILI_DICOM_server/.venv/lib/python3.12/site-packages/flask/templating.py", line 131, in _render
    rv = template.render(context)
         ^^^^^^^^^^^^^^^^^^^^^^^^
  File "/Users/andrew/LILI_DICOM_server/.venv/lib/python3.12/site-packages/jinja2/environment.py", line 1295, in render
    self.environment.handle_exception()
  File "/Users/andrew/LILI_DICOM_server/.venv/lib/python3.12/site-packages/jinja2/environment.py", line 942, in handle_exception
    raise rewrite_traceback_stack(source=source)
  File "/Users/andrew/LILI_DICOM_server/app/templates/browse.html", line 1, in top-level template code
    {% extends "base.html" %}
  File "/Users/andrew/LILI_DICOM_server/app/templates/base.html", line 30, in top-level template code
    <body>
  File "/Users/andrew/LILI_DICOM_server/app/templates/browse.html", line 23, in block 'content'
    {% set pdf_url       = url_for('http_pdf_study',   study_uid=st.study_uid) %}
    ^^^^^^^^^^^^^^^^^^^^^^^^^
  File "/Users/andrew/LILI_DICOM_server/.venv/lib/python3.12/site-packages/flask/app.py", line 1121, in url_for
    return self.handle_url_build_error(error, endpoint, values)
           ^^^^^^^^^^^^^^^^^^^^^^^^^^^^^^^^^^^^^^^^^^^^^^^^^^^^
  File "/Users/andrew/LILI_DICOM_server/.venv/lib/python3.12/site-packages/flask/app.py", line 1110, in url_for
    rv = url_adapter.build(  # type: ignore[union-attr]
         ^^^^^^^^^^^^^^^^^^^^^^^^^^^^^^^^^^^^^^^^^^^^^^
  File "/Users/andrew/LILI_DICOM_server/.venv/lib/python3.12/site-packages/werkzeug/routing/map.py", line 924, in build
    raise BuildError(endpoint, values, method, self)
werkzeug.routing.exceptions.BuildError: Could not build url for endpoint 'pdfbp.pdf_study' with values ['study_uid']. Did you mean 'download_study_zip' instead?
2025-09-18 16:51:58,508 | ERROR | Exception on /browse [GET]
Traceback (most recent call last):
  File "/Users/andrew/LILI_DICOM_server/.venv/lib/python3.12/site-packages/flask/app.py", line 1511, in wsgi_app
    response = self.full_dispatch_request()
               ^^^^^^^^^^^^^^^^^^^^^^^^^^^^
  File "/Users/andrew/LILI_DICOM_server/.venv/lib/python3.12/site-packages/flask/app.py", line 919, in full_dispatch_request
    rv = self.handle_user_exception(e)
         ^^^^^^^^^^^^^^^^^^^^^^^^^^^^^
  File "/Users/andrew/LILI_DICOM_server/.venv/lib/python3.12/site-packages/flask/app.py", line 917, in full_dispatch_request
    rv = self.dispatch_request()
         ^^^^^^^^^^^^^^^^^^^^^^^
  File "/Users/andrew/LILI_DICOM_server/.venv/lib/python3.12/site-packages/flask/app.py", line 902, in dispatch_request
    return self.ensure_sync(self.view_functions[rule.endpoint])(**view_args)  # type: ignore[no-any-return]
           ^^^^^^^^^^^^^^^^^^^^^^^^^^^^^^^^^^^^^^^^^^^^^^^^^^^^^^^^^^^^^^^^^
  File "/Users/andrew/LILI_DICOM_server/app/dicom_server.py", line 340, in browse
    return render_template("browse.html", info=info, brand_title=BRAND_TITLE, brand_color=BRAND_COLOR, studies=studies_data, days=days)
           ^^^^^^^^^^^^^^^^^^^^^^^^^^^^^^^^^^^^^^^^^^^^^^^^^^^^^^^^^^^^^^^^^^^^^^^^^^^^^^^^^^^^^^^^^^^^^^^^^^^^^^^^^^^^^^^^^^^^^^^^^^^^
  File "/Users/andrew/LILI_DICOM_server/.venv/lib/python3.12/site-packages/flask/templating.py", line 150, in render_template
    return _render(app, template, context)
           ^^^^^^^^^^^^^^^^^^^^^^^^^^^^^^^
  File "/Users/andrew/LILI_DICOM_server/.venv/lib/python3.12/site-packages/flask/templating.py", line 131, in _render
    rv = template.render(context)
         ^^^^^^^^^^^^^^^^^^^^^^^^
  File "/Users/andrew/LILI_DICOM_server/.venv/lib/python3.12/site-packages/jinja2/environment.py", line 1295, in render
    self.environment.handle_exception()
  File "/Users/andrew/LILI_DICOM_server/.venv/lib/python3.12/site-packages/jinja2/environment.py", line 942, in handle_exception
    raise rewrite_traceback_stack(source=source)
  File "/Users/andrew/LILI_DICOM_server/app/templates/browse.html", line 1, in top-level template code
    {% extends "base.html" %}
  File "/Users/andrew/LILI_DICOM_server/app/templates/base.html", line 30, in top-level template code
    <body>
  File "/Users/andrew/LILI_DICOM_server/app/templates/browse.html", line 23, in block 'content'
    {% set pdf_url       = url_for('http_pdf_study',   study_uid=st.study_uid) %}
    ^^^^^^^^^^^^^^^^^^^^^^^^^
  File "/Users/andrew/LILI_DICOM_server/.venv/lib/python3.12/site-packages/flask/app.py", line 1121, in url_for
    return self.handle_url_build_error(error, endpoint, values)
           ^^^^^^^^^^^^^^^^^^^^^^^^^^^^^^^^^^^^^^^^^^^^^^^^^^^^
  File "/Users/andrew/LILI_DICOM_server/.venv/lib/python3.12/site-packages/flask/app.py", line 1110, in url_for
    rv = url_adapter.build(  # type: ignore[union-attr]
         ^^^^^^^^^^^^^^^^^^^^^^^^^^^^^^^^^^^^^^^^^^^^^^
  File "/Users/andrew/LILI_DICOM_server/.venv/lib/python3.12/site-packages/werkzeug/routing/map.py", line 924, in build
    raise BuildError(endpoint, values, method, self)
werkzeug.routing.exceptions.BuildError: Could not build url for endpoint 'pdfbp.pdf_study' with values ['study_uid']. Did you mean 'download_study_zip' instead?
